This is pdfTeX, Version 3.14159265-2.6-1.40.18 (TeX Live 2017) (preloaded format=pdflatex 2017.5.23)  30 NOV 2017 20:57
entering extended mode
 restricted \write18 enabled.
 %&-line parsing enabled.
**report.tex
(./report.tex
LaTeX2e <2017-04-15>
Babel <3.10> and hyphenation patterns for 84 language(s) loaded.
(/usr/local/texlive/2017/texmf-dist/tex/latex/base/article.cls
Document Class: article 2014/09/29 v1.4h Standard LaTeX document class
(/usr/local/texlive/2017/texmf-dist/tex/latex/base/size11.clo
File: size11.clo 2014/09/29 v1.4h Standard LaTeX file (size option)
)
\c@part=\count79
\c@section=\count80
\c@subsection=\count81
\c@subsubsection=\count82
\c@paragraph=\count83
\c@subparagraph=\count84
\c@figure=\count85
\c@table=\count86
\abovecaptionskip=\skip41
\belowcaptionskip=\skip42
\bibindent=\dimen102
)
(/usr/local/texlive/2017/texmf-dist/tex/latex/algorithm2e/algorithm2e.sty
Package: algorithm2e 2013/01/06 v5.00 algorithms environments
\c@AlgoLine=\count87

(/usr/local/texlive/2017/texmf-dist/tex/latex/base/ifthen.sty
Package: ifthen 2014/09/29 v1.1c Standard LaTeX ifthen package (DPC)
)
\algocf@hangindent=\skip43

(/usr/local/texlive/2017/texmf-dist/tex/latex/tools/xspace.sty
Package: xspace 2014/10/28 v1.13 Space after command names (DPC,MH)
)
(/usr/local/texlive/2017/texmf-dist/tex/latex/relsize/relsize.sty
Package: relsize 2013/03/29 ver 4.1
)
********************************************************
Package `algorithm2e' Release 5.1 -- october 19 2015 --
- algorithm2e-announce@lirmm.fr mailing list for announcement about releases
- algorithm2e-discussion@lirmm.fr mailing list for discussion about package
subscribe by emailing sympa@lirmm.fr with 'subscribe <list> <firstname name>'
- Author: Christophe Fiorio (christophe.fiorio@umontpellier.fr)
********************************************************
\skiptotal=\skip44
\skiplinenumber=\skip45
\skiprule=\skip46
\skiphlne=\skip47
\skiptext=\skip48
\skiplength=\skip49
\algomargin=\skip50
\skipalgocfslide=\skip51
\algowidth=\dimen103
\inoutsize=\dimen104
\inoutindent=\dimen105
\interspacetitleruled=\dimen106
\interspacealgoruled=\dimen107
\interspacetitleboxruled=\dimen108
\algocf@ruledwidth=\skip52
\algocf@inoutbox=\box26
\algocf@inputbox=\box27
\AlCapSkip=\skip53
\AlCapHSkip=\skip54
\algoskipindent=\skip55
\algocf@nlbox=\box28
\algocf@hangingbox=\box29
\algocf@untilbox=\box30
\algocf@skipuntil=\skip56
\algocf@capbox=\box31
\algoheightruledefault=\skip57
\algoheightrule=\skip58
\algotitleheightruledefault=\skip59
\algotitleheightrule=\skip60
\c@algocfline=\count88
\c@algocfproc=\count89
\c@algocf=\count90
\algocf@algoframe=\box32
\algocf@algobox=\box33
) (/usr/local/texlive/2017/texmf-dist/tex/latex/base/inputenc.sty
Package: inputenc 2015/03/17 v1.2c Input encoding file
\inpenc@prehook=\toks14
\inpenc@posthook=\toks15

(/usr/local/texlive/2017/texmf-dist/tex/latex/base/utf8.def
File: utf8.def 2017/01/28 v1.1t UTF-8 support for inputenc
Now handling font encoding OML ...
... no UTF-8 mapping file for font encoding OML
Now handling font encoding T1 ...
... processing UTF-8 mapping file for font encoding T1

(/usr/local/texlive/2017/texmf-dist/tex/latex/base/t1enc.dfu
File: t1enc.dfu 2017/01/28 v1.1t UTF-8 support for inputenc
   defining Unicode char U+00A0 (decimal 160)
   defining Unicode char U+00A1 (decimal 161)
   defining Unicode char U+00A3 (decimal 163)
   defining Unicode char U+00AB (decimal 171)
   defining Unicode char U+00AD (decimal 173)
   defining Unicode char U+00BB (decimal 187)
   defining Unicode char U+00BF (decimal 191)
   defining Unicode char U+00C0 (decimal 192)
   defining Unicode char U+00C1 (decimal 193)
   defining Unicode char U+00C2 (decimal 194)
   defining Unicode char U+00C3 (decimal 195)
   defining Unicode char U+00C4 (decimal 196)
   defining Unicode char U+00C5 (decimal 197)
   defining Unicode char U+00C6 (decimal 198)
   defining Unicode char U+00C7 (decimal 199)
   defining Unicode char U+00C8 (decimal 200)
   defining Unicode char U+00C9 (decimal 201)
   defining Unicode char U+00CA (decimal 202)
   defining Unicode char U+00CB (decimal 203)
   defining Unicode char U+00CC (decimal 204)
   defining Unicode char U+00CD (decimal 205)
   defining Unicode char U+00CE (decimal 206)
   defining Unicode char U+00CF (decimal 207)
   defining Unicode char U+00D0 (decimal 208)
   defining Unicode char U+00D1 (decimal 209)
   defining Unicode char U+00D2 (decimal 210)
   defining Unicode char U+00D3 (decimal 211)
   defining Unicode char U+00D4 (decimal 212)
   defining Unicode char U+00D5 (decimal 213)
   defining Unicode char U+00D6 (decimal 214)
   defining Unicode char U+00D8 (decimal 216)
   defining Unicode char U+00D9 (decimal 217)
   defining Unicode char U+00DA (decimal 218)
   defining Unicode char U+00DB (decimal 219)
   defining Unicode char U+00DC (decimal 220)
   defining Unicode char U+00DD (decimal 221)
   defining Unicode char U+00DE (decimal 222)
   defining Unicode char U+00DF (decimal 223)
   defining Unicode char U+00E0 (decimal 224)
   defining Unicode char U+00E1 (decimal 225)
   defining Unicode char U+00E2 (decimal 226)
   defining Unicode char U+00E3 (decimal 227)
   defining Unicode char U+00E4 (decimal 228)
   defining Unicode char U+00E5 (decimal 229)
   defining Unicode char U+00E6 (decimal 230)
   defining Unicode char U+00E7 (decimal 231)
   defining Unicode char U+00E8 (decimal 232)
   defining Unicode char U+00E9 (decimal 233)
   defining Unicode char U+00EA (decimal 234)
   defining Unicode char U+00EB (decimal 235)
   defining Unicode char U+00EC (decimal 236)
   defining Unicode char U+00ED (decimal 237)
   defining Unicode char U+00EE (decimal 238)
   defining Unicode char U+00EF (decimal 239)
   defining Unicode char U+00F0 (decimal 240)
   defining Unicode char U+00F1 (decimal 241)
   defining Unicode char U+00F2 (decimal 242)
   defining Unicode char U+00F3 (decimal 243)
   defining Unicode char U+00F4 (decimal 244)
   defining Unicode char U+00F5 (decimal 245)
   defining Unicode char U+00F6 (decimal 246)
   defining Unicode char U+00F8 (decimal 248)
   defining Unicode char U+00F9 (decimal 249)
   defining Unicode char U+00FA (decimal 250)
   defining Unicode char U+00FB (decimal 251)
   defining Unicode char U+00FC (decimal 252)
   defining Unicode char U+00FD (decimal 253)
   defining Unicode char U+00FE (decimal 254)
   defining Unicode char U+00FF (decimal 255)
   defining Unicode char U+0100 (decimal 256)
   defining Unicode char U+0101 (decimal 257)
   defining Unicode char U+0102 (decimal 258)
   defining Unicode char U+0103 (decimal 259)
   defining Unicode char U+0104 (decimal 260)
   defining Unicode char U+0105 (decimal 261)
   defining Unicode char U+0106 (decimal 262)
   defining Unicode char U+0107 (decimal 263)
   defining Unicode char U+0108 (decimal 264)
   defining Unicode char U+0109 (decimal 265)
   defining Unicode char U+010A (decimal 266)
   defining Unicode char U+010B (decimal 267)
   defining Unicode char U+010C (decimal 268)
   defining Unicode char U+010D (decimal 269)
   defining Unicode char U+010E (decimal 270)
   defining Unicode char U+010F (decimal 271)
   defining Unicode char U+0110 (decimal 272)
   defining Unicode char U+0111 (decimal 273)
   defining Unicode char U+0112 (decimal 274)
   defining Unicode char U+0113 (decimal 275)
   defining Unicode char U+0114 (decimal 276)
   defining Unicode char U+0115 (decimal 277)
   defining Unicode char U+0116 (decimal 278)
   defining Unicode char U+0117 (decimal 279)
   defining Unicode char U+0118 (decimal 280)
   defining Unicode char U+0119 (decimal 281)
   defining Unicode char U+011A (decimal 282)
   defining Unicode char U+011B (decimal 283)
   defining Unicode char U+011C (decimal 284)
   defining Unicode char U+011D (decimal 285)
   defining Unicode char U+011E (decimal 286)
   defining Unicode char U+011F (decimal 287)
   defining Unicode char U+0120 (decimal 288)
   defining Unicode char U+0121 (decimal 289)
   defining Unicode char U+0122 (decimal 290)
   defining Unicode char U+0123 (decimal 291)
   defining Unicode char U+0124 (decimal 292)
   defining Unicode char U+0125 (decimal 293)
   defining Unicode char U+0128 (decimal 296)
   defining Unicode char U+0129 (decimal 297)
   defining Unicode char U+012A (decimal 298)
   defining Unicode char U+012B (decimal 299)
   defining Unicode char U+012C (decimal 300)
   defining Unicode char U+012D (decimal 301)
   defining Unicode char U+012E (decimal 302)
   defining Unicode char U+012F (decimal 303)
   defining Unicode char U+0130 (decimal 304)
   defining Unicode char U+0131 (decimal 305)
   defining Unicode char U+0132 (decimal 306)
   defining Unicode char U+0133 (decimal 307)
   defining Unicode char U+0134 (decimal 308)
   defining Unicode char U+0135 (decimal 309)
   defining Unicode char U+0136 (decimal 310)
   defining Unicode char U+0137 (decimal 311)
   defining Unicode char U+0139 (decimal 313)
   defining Unicode char U+013A (decimal 314)
   defining Unicode char U+013B (decimal 315)
   defining Unicode char U+013C (decimal 316)
   defining Unicode char U+013D (decimal 317)
   defining Unicode char U+013E (decimal 318)
   defining Unicode char U+0141 (decimal 321)
   defining Unicode char U+0142 (decimal 322)
   defining Unicode char U+0143 (decimal 323)
   defining Unicode char U+0144 (decimal 324)
   defining Unicode char U+0145 (decimal 325)
   defining Unicode char U+0146 (decimal 326)
   defining Unicode char U+0147 (decimal 327)
   defining Unicode char U+0148 (decimal 328)
   defining Unicode char U+014A (decimal 330)
   defining Unicode char U+014B (decimal 331)
   defining Unicode char U+014C (decimal 332)
   defining Unicode char U+014D (decimal 333)
   defining Unicode char U+014E (decimal 334)
   defining Unicode char U+014F (decimal 335)
   defining Unicode char U+0150 (decimal 336)
   defining Unicode char U+0151 (decimal 337)
   defining Unicode char U+0152 (decimal 338)
   defining Unicode char U+0153 (decimal 339)
   defining Unicode char U+0154 (decimal 340)
   defining Unicode char U+0155 (decimal 341)
   defining Unicode char U+0156 (decimal 342)
   defining Unicode char U+0157 (decimal 343)
   defining Unicode char U+0158 (decimal 344)
   defining Unicode char U+0159 (decimal 345)
   defining Unicode char U+015A (decimal 346)
   defining Unicode char U+015B (decimal 347)
   defining Unicode char U+015C (decimal 348)
   defining Unicode char U+015D (decimal 349)
   defining Unicode char U+015E (decimal 350)
   defining Unicode char U+015F (decimal 351)
   defining Unicode char U+0160 (decimal 352)
   defining Unicode char U+0161 (decimal 353)
   defining Unicode char U+0162 (decimal 354)
   defining Unicode char U+0163 (decimal 355)
   defining Unicode char U+0164 (decimal 356)
   defining Unicode char U+0165 (decimal 357)
   defining Unicode char U+0168 (decimal 360)
   defining Unicode char U+0169 (decimal 361)
   defining Unicode char U+016A (decimal 362)
   defining Unicode char U+016B (decimal 363)
   defining Unicode char U+016C (decimal 364)
   defining Unicode char U+016D (decimal 365)
   defining Unicode char U+016E (decimal 366)
   defining Unicode char U+016F (decimal 367)
   defining Unicode char U+0170 (decimal 368)
   defining Unicode char U+0171 (decimal 369)
   defining Unicode char U+0172 (decimal 370)
   defining Unicode char U+0173 (decimal 371)
   defining Unicode char U+0174 (decimal 372)
   defining Unicode char U+0175 (decimal 373)
   defining Unicode char U+0176 (decimal 374)
   defining Unicode char U+0177 (decimal 375)
   defining Unicode char U+0178 (decimal 376)
   defining Unicode char U+0179 (decimal 377)
   defining Unicode char U+017A (decimal 378)
   defining Unicode char U+017B (decimal 379)
   defining Unicode char U+017C (decimal 380)
   defining Unicode char U+017D (decimal 381)
   defining Unicode char U+017E (decimal 382)
   defining Unicode char U+01CD (decimal 461)
   defining Unicode char U+01CE (decimal 462)
   defining Unicode char U+01CF (decimal 463)
   defining Unicode char U+01D0 (decimal 464)
   defining Unicode char U+01D1 (decimal 465)
   defining Unicode char U+01D2 (decimal 466)
   defining Unicode char U+01D3 (decimal 467)
   defining Unicode char U+01D4 (decimal 468)
   defining Unicode char U+01E2 (decimal 482)
   defining Unicode char U+01E3 (decimal 483)
   defining Unicode char U+01E6 (decimal 486)
   defining Unicode char U+01E7 (decimal 487)
   defining Unicode char U+01E8 (decimal 488)
   defining Unicode char U+01E9 (decimal 489)
   defining Unicode char U+01EA (decimal 490)
   defining Unicode char U+01EB (decimal 491)
   defining Unicode char U+01F0 (decimal 496)
   defining Unicode char U+01F4 (decimal 500)
   defining Unicode char U+01F5 (decimal 501)
   defining Unicode char U+0218 (decimal 536)
   defining Unicode char U+0219 (decimal 537)
   defining Unicode char U+021A (decimal 538)
   defining Unicode char U+021B (decimal 539)
   defining Unicode char U+0232 (decimal 562)
   defining Unicode char U+0233 (decimal 563)
   defining Unicode char U+1E02 (decimal 7682)
   defining Unicode char U+1E03 (decimal 7683)
   defining Unicode char U+200C (decimal 8204)
   defining Unicode char U+2010 (decimal 8208)
   defining Unicode char U+2011 (decimal 8209)
   defining Unicode char U+2012 (decimal 8210)
   defining Unicode char U+2013 (decimal 8211)
   defining Unicode char U+2014 (decimal 8212)
   defining Unicode char U+2015 (decimal 8213)
   defining Unicode char U+2018 (decimal 8216)
   defining Unicode char U+2019 (decimal 8217)
   defining Unicode char U+201A (decimal 8218)
   defining Unicode char U+201C (decimal 8220)
   defining Unicode char U+201D (decimal 8221)
   defining Unicode char U+201E (decimal 8222)
   defining Unicode char U+2030 (decimal 8240)
   defining Unicode char U+2031 (decimal 8241)
   defining Unicode char U+2039 (decimal 8249)
   defining Unicode char U+203A (decimal 8250)
   defining Unicode char U+2423 (decimal 9251)
   defining Unicode char U+1E20 (decimal 7712)
   defining Unicode char U+1E21 (decimal 7713)
)
Now handling font encoding OT1 ...
... processing UTF-8 mapping file for font encoding OT1

(/usr/local/texlive/2017/texmf-dist/tex/latex/base/ot1enc.dfu
File: ot1enc.dfu 2017/01/28 v1.1t UTF-8 support for inputenc
   defining Unicode char U+00A0 (decimal 160)
   defining Unicode char U+00A1 (decimal 161)
   defining Unicode char U+00A3 (decimal 163)
   defining Unicode char U+00AD (decimal 173)
   defining Unicode char U+00B8 (decimal 184)
   defining Unicode char U+00BF (decimal 191)
   defining Unicode char U+00C5 (decimal 197)
   defining Unicode char U+00C6 (decimal 198)
   defining Unicode char U+00D8 (decimal 216)
   defining Unicode char U+00DF (decimal 223)
   defining Unicode char U+00E6 (decimal 230)
   defining Unicode char U+00EC (decimal 236)
   defining Unicode char U+00ED (decimal 237)
   defining Unicode char U+00EE (decimal 238)
   defining Unicode char U+00EF (decimal 239)
   defining Unicode char U+00F8 (decimal 248)
   defining Unicode char U+0131 (decimal 305)
   defining Unicode char U+0141 (decimal 321)
   defining Unicode char U+0142 (decimal 322)
   defining Unicode char U+0152 (decimal 338)
   defining Unicode char U+0153 (decimal 339)
   defining Unicode char U+0174 (decimal 372)
   defining Unicode char U+0175 (decimal 373)
   defining Unicode char U+0176 (decimal 374)
   defining Unicode char U+0177 (decimal 375)
   defining Unicode char U+0218 (decimal 536)
   defining Unicode char U+0219 (decimal 537)
   defining Unicode char U+021A (decimal 538)
   defining Unicode char U+021B (decimal 539)
   defining Unicode char U+2013 (decimal 8211)
   defining Unicode char U+2014 (decimal 8212)
   defining Unicode char U+2018 (decimal 8216)
   defining Unicode char U+2019 (decimal 8217)
   defining Unicode char U+201C (decimal 8220)
   defining Unicode char U+201D (decimal 8221)
)
Now handling font encoding OMS ...
... processing UTF-8 mapping file for font encoding OMS

(/usr/local/texlive/2017/texmf-dist/tex/latex/base/omsenc.dfu
File: omsenc.dfu 2017/01/28 v1.1t UTF-8 support for inputenc
   defining Unicode char U+00A7 (decimal 167)
   defining Unicode char U+00B6 (decimal 182)
   defining Unicode char U+00B7 (decimal 183)
   defining Unicode char U+2020 (decimal 8224)
   defining Unicode char U+2021 (decimal 8225)
   defining Unicode char U+2022 (decimal 8226)
)
Now handling font encoding OMX ...
... no UTF-8 mapping file for font encoding OMX
Now handling font encoding U ...
... no UTF-8 mapping file for font encoding U
   defining Unicode char U+00A9 (decimal 169)
   defining Unicode char U+00AA (decimal 170)
   defining Unicode char U+00AE (decimal 174)
   defining Unicode char U+00BA (decimal 186)
   defining Unicode char U+02C6 (decimal 710)
   defining Unicode char U+02DC (decimal 732)
   defining Unicode char U+200C (decimal 8204)
   defining Unicode char U+2026 (decimal 8230)
   defining Unicode char U+2122 (decimal 8482)
   defining Unicode char U+2423 (decimal 9251)
))
(/usr/local/texlive/2017/texmf-dist/tex/latex/amsmath/amsmath.sty
Package: amsmath 2016/11/05 v2.16a AMS math features
\@mathmargin=\skip61

For additional information on amsmath, use the `?' option.
(/usr/local/texlive/2017/texmf-dist/tex/latex/amsmath/amstext.sty
Package: amstext 2000/06/29 v2.01 AMS text

(/usr/local/texlive/2017/texmf-dist/tex/latex/amsmath/amsgen.sty
File: amsgen.sty 1999/11/30 v2.0 generic functions
\@emptytoks=\toks16
\ex@=\dimen109
))
(/usr/local/texlive/2017/texmf-dist/tex/latex/amsmath/amsbsy.sty
Package: amsbsy 1999/11/29 v1.2d Bold Symbols
\pmbraise@=\dimen110
)
(/usr/local/texlive/2017/texmf-dist/tex/latex/amsmath/amsopn.sty
Package: amsopn 2016/03/08 v2.02 operator names
)
\inf@bad=\count91
LaTeX Info: Redefining \frac on input line 213.
\uproot@=\count92
\leftroot@=\count93
LaTeX Info: Redefining \overline on input line 375.
\classnum@=\count94
\DOTSCASE@=\count95
LaTeX Info: Redefining \ldots on input line 472.
LaTeX Info: Redefining \dots on input line 475.
LaTeX Info: Redefining \cdots on input line 596.
\Mathstrutbox@=\box34
\strutbox@=\box35
\big@size=\dimen111
LaTeX Font Info:    Redeclaring font encoding OML on input line 712.
LaTeX Font Info:    Redeclaring font encoding OMS on input line 713.
\macc@depth=\count96
\c@MaxMatrixCols=\count97
\dotsspace@=\muskip10
\c@parentequation=\count98
\dspbrk@lvl=\count99
\tag@help=\toks17
\row@=\count100
\column@=\count101
\maxfields@=\count102
\andhelp@=\toks18
\eqnshift@=\dimen112
\alignsep@=\dimen113
\tagshift@=\dimen114
\tagwidth@=\dimen115
\totwidth@=\dimen116
\lineht@=\dimen117
\@envbody=\toks19
\multlinegap=\skip62
\multlinetaggap=\skip63
\mathdisplay@stack=\toks20
LaTeX Info: Redefining \[ on input line 2817.
LaTeX Info: Redefining \] on input line 2818.
)
(/usr/local/texlive/2017/texmf-dist/tex/latex/jknapltx/mathrsfs.sty
Package: mathrsfs 1996/01/01 Math RSFS package v1.0 (jk)
\symrsfs=\mathgroup4
)
(/usr/local/texlive/2017/texmf-dist/tex/latex/float/float.sty
Package: float 2001/11/08 v1.3d Float enhancements (AL)
\c@float@type=\count103
\float@exts=\toks21
\float@box=\box36
\@float@everytoks=\toks22
\@floatcapt=\box37
)
(/usr/local/texlive/2017/texmf-dist/tex/latex/amsfonts/amsfonts.sty
Package: amsfonts 2013/01/14 v3.01 Basic AMSFonts support
\symAMSa=\mathgroup5
\symAMSb=\mathgroup6
LaTeX Font Info:    Overwriting math alphabet `\mathfrak' in version `bold'
(Font)                  U/euf/m/n --> U/euf/b/n on input line 106.
)
(/usr/local/texlive/2017/texmf-dist/tex/latex/amsfonts/amssymb.sty
Package: amssymb 2013/01/14 v3.01 AMS font symbols
)
(/usr/local/texlive/2017/texmf-dist/tex/latex/graphics/graphicx.sty
Package: graphicx 2014/10/28 v1.0g Enhanced LaTeX Graphics (DPC,SPQR)

(/usr/local/texlive/2017/texmf-dist/tex/latex/graphics/keyval.sty
Package: keyval 2014/10/28 v1.15 key=value parser (DPC)
\KV@toks@=\toks23
)
(/usr/local/texlive/2017/texmf-dist/tex/latex/graphics/graphics.sty
Package: graphics 2017/04/14 v1.1b Standard LaTeX Graphics (DPC,SPQR)

(/usr/local/texlive/2017/texmf-dist/tex/latex/graphics/trig.sty
Package: trig 2016/01/03 v1.10 sin cos tan (DPC)
)
(/usr/local/texlive/2017/texmf-dist/tex/latex/graphics-cfg/graphics.cfg
File: graphics.cfg 2016/06/04 v1.11 sample graphics configuration
)
Package graphics Info: Driver file: pdftex.def on input line 99.

(/usr/local/texlive/2017/texmf-dist/tex/latex/graphics-def/pdftex.def
File: pdftex.def 2017/01/12 v0.06k Graphics/color for pdfTeX

(/usr/local/texlive/2017/texmf-dist/tex/generic/oberdiek/infwarerr.sty
Package: infwarerr 2016/05/16 v1.4 Providing info/warning/error messages (HO)
)
(/usr/local/texlive/2017/texmf-dist/tex/generic/oberdiek/ltxcmds.sty
Package: ltxcmds 2016/05/16 v1.23 LaTeX kernel commands for general use (HO)
)
\Gread@gobject=\count104
))
\Gin@req@height=\dimen118
\Gin@req@width=\dimen119
)
(/usr/local/texlive/2017/texmf-dist/tex/latex/oberdiek/epstopdf.sty
Package: epstopdf 2016/05/15 v2.6 Conversion with epstopdf on the fly (HO)

(/usr/local/texlive/2017/texmf-dist/tex/latex/oberdiek/epstopdf-base.sty
Package: epstopdf-base 2016/05/15 v2.6 Base part for package epstopdf

(/usr/local/texlive/2017/texmf-dist/tex/latex/oberdiek/grfext.sty
Package: grfext 2016/05/16 v1.2 Manage graphics extensions (HO)

(/usr/local/texlive/2017/texmf-dist/tex/generic/oberdiek/kvdefinekeys.sty
Package: kvdefinekeys 2016/05/16 v1.4 Define keys (HO)
))
(/usr/local/texlive/2017/texmf-dist/tex/latex/oberdiek/kvoptions.sty
Package: kvoptions 2016/05/16 v3.12 Key value format for package options (HO)

(/usr/local/texlive/2017/texmf-dist/tex/generic/oberdiek/kvsetkeys.sty
Package: kvsetkeys 2016/05/16 v1.17 Key value parser (HO)

(/usr/local/texlive/2017/texmf-dist/tex/generic/oberdiek/etexcmds.sty
Package: etexcmds 2016/05/16 v1.6 Avoid name clashes with e-TeX commands (HO)

(/usr/local/texlive/2017/texmf-dist/tex/generic/oberdiek/ifluatex.sty
Package: ifluatex 2016/05/16 v1.4 Provides the ifluatex switch (HO)
Package ifluatex Info: LuaTeX not detected.
)
Package etexcmds Info: Could not find \expanded.
(etexcmds)             That can mean that you are not using pdfTeX 1.50 or
(etexcmds)             that some package has redefined \expanded.
(etexcmds)             In the latter case, load this package earlier.
)))
(/usr/local/texlive/2017/texmf-dist/tex/generic/oberdiek/pdftexcmds.sty
Package: pdftexcmds 2017/03/19 v0.25 Utility functions of pdfTeX for LuaTeX (HO
)

(/usr/local/texlive/2017/texmf-dist/tex/generic/oberdiek/ifpdf.sty
Package: ifpdf 2017/03/15 v3.2 Provides the ifpdf switch
)
Package pdftexcmds Info: LuaTeX not detected.
Package pdftexcmds Info: \pdf@primitive is available.
Package pdftexcmds Info: \pdf@ifprimitive is available.
Package pdftexcmds Info: \pdfdraftmode found.
)
Package epstopdf-base Info: Redefining graphics rule for `.eps' on input line 4
38.
Package grfext Info: Graphics extension search list:
(grfext)             [.png,.pdf,.jpg,.mps,.jpeg,.jbig2,.jb2,.PNG,.PDF,.JPG,.JPE
G,.JBIG2,.JB2,.eps]
(grfext)             \AppendGraphicsExtensions on input line 456.

(/usr/local/texlive/2017/texmf-dist/tex/latex/latexconfig/epstopdf-sys.cfg
File: epstopdf-sys.cfg 2010/07/13 v1.3 Configuration of (r)epstopdf for TeX Liv
e
)))
(/usr/local/texlive/2017/texmf-dist/tex/latex/caption/caption.sty
Package: caption 2016/02/21 v3.3-144 Customizing captions (AR)

(/usr/local/texlive/2017/texmf-dist/tex/latex/caption/caption3.sty
Package: caption3 2016/05/22 v1.7-166 caption3 kernel (AR)
Package caption3 Info: TeX engine: e-TeX on input line 67.
\captionmargin=\dimen120
\captionmargin@=\dimen121
\captionwidth=\dimen122
\caption@tempdima=\dimen123
\caption@indent=\dimen124
\caption@parindent=\dimen125
\caption@hangindent=\dimen126
)
\c@ContinuedFloat=\count105
Package caption Info: float package is loaded.
)
(/usr/local/texlive/2017/texmf-dist/tex/latex/listings/listings.sty
\lst@mode=\count106
\lst@gtempboxa=\box38
\lst@token=\toks24
\lst@length=\count107
\lst@currlwidth=\dimen127
\lst@column=\count108
\lst@pos=\count109
\lst@lostspace=\dimen128
\lst@width=\dimen129
\lst@newlines=\count110
\lst@lineno=\count111
\lst@maxwidth=\dimen130

(/usr/local/texlive/2017/texmf-dist/tex/latex/listings/lstmisc.sty
File: lstmisc.sty 2015/06/04 1.6 (Carsten Heinz)
\c@lstnumber=\count112
\lst@skipnumbers=\count113
\lst@framebox=\box39
)
(/usr/local/texlive/2017/texmf-dist/tex/latex/listings/listings.cfg
File: listings.cfg 2015/06/04 1.6 listings configuration
))
Package: listings 2015/06/04 1.6 (Carsten Heinz)

(/usr/local/texlive/2017/texmf-dist/tex/latex/url/url.sty
\Urlmuskip=\muskip11
Package: url 2013/09/16  ver 3.4  Verb mode for urls, etc.
)
(/usr/local/texlive/2017/texmf-dist/tex/latex/caption/subcaption.sty
Package: subcaption 2016/05/22 v1.1-161 Sub-captions (AR)
\c@subfigure=\count114
\c@subtable=\count115
)
(/usr/local/texlive/2017/texmf-dist/tex/latex/geometry/geometry.sty
Package: geometry 2010/09/12 v5.6 Page Geometry

(/usr/local/texlive/2017/texmf-dist/tex/generic/oberdiek/ifvtex.sty
Package: ifvtex 2016/05/16 v1.6 Detect VTeX and its facilities (HO)
Package ifvtex Info: VTeX not detected.
)
(/usr/local/texlive/2017/texmf-dist/tex/generic/ifxetex/ifxetex.sty
Package: ifxetex 2010/09/12 v0.6 Provides ifxetex conditional
)
\Gm@cnth=\count116
\Gm@cntv=\count117
\c@Gm@tempcnt=\count118
\Gm@bindingoffset=\dimen131
\Gm@wd@mp=\dimen132
\Gm@odd@mp=\dimen133
\Gm@even@mp=\dimen134
\Gm@layoutwidth=\dimen135
\Gm@layoutheight=\dimen136
\Gm@layouthoffset=\dimen137
\Gm@layoutvoffset=\dimen138
\Gm@dimlist=\toks25
)
\c@theorem=\count119

(./report.aux

LaTeX Warning: Label `fig:1' multiply defined.


LaTeX Warning: Label `fig:2' multiply defined.


LaTeX Warning: Label `fig:2' multiply defined.


LaTeX Warning: Label `fig:1' multiply defined.


LaTeX Warning: Label `fig:2' multiply defined.


LaTeX Warning: Label `fig:1' multiply defined.


LaTeX Warning: Label `fig:2' multiply defined.


LaTeX Warning: Label `fig:1' multiply defined.


LaTeX Warning: Label `fig:2' multiply defined.

)
\openout1 = `report.aux'.

LaTeX Font Info:    Checking defaults for OML/cmm/m/it on input line 49.
LaTeX Font Info:    ... okay on input line 49.
LaTeX Font Info:    Checking defaults for T1/cmr/m/n on input line 49.
LaTeX Font Info:    ... okay on input line 49.
LaTeX Font Info:    Checking defaults for OT1/cmr/m/n on input line 49.
LaTeX Font Info:    ... okay on input line 49.
LaTeX Font Info:    Checking defaults for OMS/cmsy/m/n on input line 49.
LaTeX Font Info:    ... okay on input line 49.
LaTeX Font Info:    Checking defaults for OMX/cmex/m/n on input line 49.
LaTeX Font Info:    ... okay on input line 49.
LaTeX Font Info:    Checking defaults for U/cmr/m/n on input line 49.
LaTeX Font Info:    ... okay on input line 49.
 (/usr/local/texlive/2017/texmf-dist/tex/context/base/mkii/supp-pdf.mkii
[Loading MPS to PDF converter (version 2006.09.02).]
\scratchcounter=\count120
\scratchdimen=\dimen139
\scratchbox=\box40
\nofMPsegments=\count121
\nofMParguments=\count122
\everyMPshowfont=\toks26
\MPscratchCnt=\count123
\MPscratchDim=\dimen140
\MPnumerator=\count124
\makeMPintoPDFobject=\count125
\everyMPtoPDFconversion=\toks27
)
Package caption Info: Begin \AtBeginDocument code.
Package caption Info: listings package is loaded.
Package caption Info: End \AtBeginDocument code.
\c@lstlisting=\count126

*geometry* driver: auto-detecting
*geometry* detected driver: pdftex
*geometry* verbose mode - [ preamble ] result:
* driver: pdftex
* paper: <default>
* layout: <same size as paper>
* layoutoffset:(h,v)=(0.0pt,0.0pt)
* modes: 
* h-part:(L,W,R)=(56.9055pt, 500.484pt, 56.9055pt)
* v-part:(T,H,B)=(28.45274pt, 738.0645pt, 28.45274pt)
* \paperwidth=614.295pt
* \paperheight=794.96999pt
* \textwidth=469.75499pt
* \textheight=643.20255pt
* \oddsidemargin=0.0pt
* \evensidemargin=0.0pt
* \topmargin=-37.0pt
* \headheight=12.0pt
* \headsep=25.0pt
* \topskip=11.0pt
* \footskip=30.0pt
* \marginparwidth=36.135pt
* \marginparsep=10.0pt
* \columnsep=10.0pt
* \skip\footins=10.0pt plus 4.0pt minus 2.0pt
* \hoffset=0.0pt
* \voffset=0.0pt
* \mag=1000
* \@twocolumnfalse
* \@twosidefalse
* \@mparswitchfalse
* \@reversemarginfalse
* (1in=72.27pt=25.4mm, 1cm=28.453pt)

LaTeX Font Info:    Try loading font information for U+rsfs on input line 51.
(/usr/local/texlive/2017/texmf-dist/tex/latex/jknapltx/ursfs.fd
File: ursfs.fd 1998/03/24 rsfs font definition file (jk)
)
LaTeX Font Info:    Try loading font information for U+msa on input line 51.

(/usr/local/texlive/2017/texmf-dist/tex/latex/amsfonts/umsa.fd
File: umsa.fd 2013/01/14 v3.01 AMS symbols A
)
LaTeX Font Info:    Try loading font information for U+msb on input line 51.

(/usr/local/texlive/2017/texmf-dist/tex/latex/amsfonts/umsb.fd
File: umsb.fd 2013/01/14 v3.01 AMS symbols B
)
Overfull \hbox (27.37506pt too wide) in paragraph at lines 90--118
$[]$ 
 []

[1

{/usr/local/texlive/2017/texmf-var/fonts/map/pdftex/updmap/pdftex.map}]
Overfull \hbox (27.37506pt too wide) in paragraph at lines 120--138
$[]$ 
 []


Overfull \hbox (27.37506pt too wide) in paragraph at lines 145--180
$[]$ 
 []

[2]
Overfull \hbox (27.37506pt too wide) in paragraph at lines 186--209
$[]$ 
 []

[3]
Overfull \hbox (27.37506pt too wide) in paragraph at lines 224--254
$[]$ 
 []

[4]
Overfull \hbox (27.37506pt too wide) in paragraph at lines 258--276
$[]$ 
 []


Overfull \hbox (27.37506pt too wide) in paragraph at lines 286--311
$[]$ 
 []

[5] <../results/hedcuter/1-1.pdf, id=36, 565.11125pt x 602.25pt>
File: ../results/hedcuter/1-1.pdf Graphic file (type pdf)

<use ../results/hedcuter/1-1.pdf>
Package pdftex.def Info: ../results/hedcuter/1-1.pdf used on input line 346.
(pdftex.def)             Requested size: 187.89912pt x 200.24101pt.

<../results/hedcuter/1-2.pdf, id=37, 565.11125pt x 602.25pt>
File: ../results/hedcuter/1-2.pdf Graphic file (type pdf)

<use ../results/hedcuter/1-2.pdf>
Package pdftex.def Info: ../results/hedcuter/1-2.pdf used on input line 351.
(pdftex.def)             Requested size: 187.89912pt x 200.24101pt.
 [6]
<../results/voronoi/1-1.pdf, id=42, 565.11125pt x 602.25pt>
File: ../results/voronoi/1-1.pdf Graphic file (type pdf)

<use ../results/voronoi/1-1.pdf>
Package pdftex.def Info: ../results/voronoi/1-1.pdf used on input line 362.
(pdftex.def)             Requested size: 187.89912pt x 200.24101pt.

<../results/voronoi/1-2.pdf, id=43, 565.11125pt x 602.25pt>
File: ../results/voronoi/1-2.pdf Graphic file (type pdf)

<use ../results/voronoi/1-2.pdf>
Package pdftex.def Info: ../results/voronoi/1-2.pdf used on input line 367.
(pdftex.def)             Requested size: 187.89912pt x 200.24101pt.

<../results/hedcuter/2-1.pdf, id=44, 565.11125pt x 602.25pt>
File: ../results/hedcuter/2-1.pdf Graphic file (type pdf)

<use ../results/hedcuter/2-1.pdf>
Package pdftex.def Info: ../results/hedcuter/2-1.pdf used on input line 385.
(pdftex.def)             Requested size: 187.89912pt x 200.24101pt.

<../results/hedcuter/2-2.pdf, id=45, 565.11125pt x 602.25pt>
File: ../results/hedcuter/2-2.pdf Graphic file (type pdf)

<use ../results/hedcuter/2-2.pdf>
Package pdftex.def Info: ../results/hedcuter/2-2.pdf used on input line 390.
(pdftex.def)             Requested size: 187.89912pt x 200.24101pt.
 [7 <../results/hedcuter/1-1.pdf> <../results/hedcuter/1-2.pdf

pdfTeX warning: /Library/TeX/texbin/pdflatex (file ../results/hedcuter/1-2.pdf)
: PDF inclusion: multiple pdfs with page group included in a single page
> <../results/voronoi/1-1.pdf

pdfTeX warning: /Library/TeX/texbin/pdflatex (file ../results/voronoi/1-1.pdf):
 PDF inclusion: multiple pdfs with page group included in a single page
> <../results/voronoi/1-2.pdf

pdfTeX warning: /Library/TeX/texbin/pdflatex (file ../results/voronoi/1-2.pdf):
 PDF inclusion: multiple pdfs with page group included in a single page
>] <../results/voronoi/2-1.pdf, id=55, 565.11125pt x 602.25pt>
File: ../results/voronoi/2-1.pdf Graphic file (type pdf)

<use ../results/voronoi/2-1.pdf>
Package pdftex.def Info: ../results/voronoi/2-1.pdf used on input line 401.
(pdftex.def)             Requested size: 187.89912pt x 200.24101pt.

<../results/voronoi/2-2.pdf, id=56, 565.11125pt x 602.25pt>
File: ../results/voronoi/2-2.pdf Graphic file (type pdf)

<use ../results/voronoi/2-2.pdf>
Package pdftex.def Info: ../results/voronoi/2-2.pdf used on input line 406.
(pdftex.def)             Requested size: 187.89912pt x 200.24101pt.
Package epstopdf Info: Source file: <figs/time2.eps>
(epstopdf)                    date: 2017-11-26 20:26:50
(epstopdf)                    size: 17027 bytes
(epstopdf)             Output file: <figs/time2-eps-converted-to.pdf>
(epstopdf)                    date: 2017-11-26 20:26:55
(epstopdf)                    size: 7057 bytes
(epstopdf)             Command: <repstopdf --outfile=figs/time2-eps-converted-t
o.pdf figs/time2.eps>
(epstopdf)             \includegraphics on input line 421.
Package epstopdf Info: Output file is already uptodate.

<figs/time2-eps-converted-to.pdf, id=57, 498.86375pt x 393.47pt>
File: figs/time2-eps-converted-to.pdf Graphic file (type pdf)

<use figs/time2-eps-converted-to.pdf>
Package pdftex.def Info: figs/time2-eps-converted-to.pdf used on input line 421
.
(pdftex.def)             Requested size: 211.3883pt x 166.7272pt.
Package epstopdf Info: Source file: <figs/time.eps>
(epstopdf)                    date: 2017-11-26 20:25:38
(epstopdf)                    size: 17815 bytes
(epstopdf)             Output file: <figs/time-eps-converted-to.pdf>
(epstopdf)                    date: 2017-11-26 20:25:42
(epstopdf)                    size: 7422 bytes
(epstopdf)             Command: <repstopdf --outfile=figs/time-eps-converted-to
.pdf figs/time.eps>
(epstopdf)             \includegraphics on input line 426.
Package epstopdf Info: Output file is already uptodate.

<figs/time-eps-converted-to.pdf, id=58, 498.86375pt x 393.47pt>
File: figs/time-eps-converted-to.pdf Graphic file (type pdf)

<use figs/time-eps-converted-to.pdf>
Package pdftex.def Info: figs/time-eps-converted-to.pdf used on input line 426.

(pdftex.def)             Requested size: 211.3883pt x 166.7272pt.
 [8 <../results/hedcuter/2-1.pdf> <../results/hedcuter/2-2.pdf

pdfTeX warning: /Library/TeX/texbin/pdflatex (file ../results/hedcuter/2-2.pdf)
: PDF inclusion: multiple pdfs with page group included in a single page
> <../results/voronoi/2-1.pdf

pdfTeX warning: /Library/TeX/texbin/pdflatex (file ../results/voronoi/2-1.pdf):
 PDF inclusion: multiple pdfs with page group included in a single page
> <../results/voronoi/2-2.pdf

pdfTeX warning: /Library/TeX/texbin/pdflatex (file ../results/voronoi/2-2.pdf):
 PDF inclusion: multiple pdfs with page group included in a single page
>] <../results/hedcuter/3-5.pdf, id=67, 1184.425pt x 1262.7175pt>
File: ../results/hedcuter/3-5.pdf Graphic file (type pdf)

<use ../results/hedcuter/3-5.pdf>
Package pdftex.def Info: ../results/hedcuter/3-5.pdf used on input line 441.
(pdftex.def)             Requested size: 187.89912pt x 200.30486pt.

<../results/hedcuter/3-6.pdf, id=68, 271.0125pt x 289.08pt>
File: ../results/hedcuter/3-6.pdf Graphic file (type pdf)

<use ../results/hedcuter/3-6.pdf>
Package pdftex.def Info: ../results/hedcuter/3-6.pdf used on input line 446.
(pdftex.def)             Requested size: 187.89912pt x 200.43141pt.

<../results/voronoi/3-5.pdf, id=69, 1184.425pt x 1262.7175pt>
File: ../results/voronoi/3-5.pdf Graphic file (type pdf)

<use ../results/voronoi/3-5.pdf>
Package pdftex.def Info: ../results/voronoi/3-5.pdf used on input line 457.
(pdftex.def)             Requested size: 187.89912pt x 200.30486pt.

<../results/voronoi/3-6.pdf, id=70, 271.0125pt x 289.08pt>
File: ../results/voronoi/3-6.pdf Graphic file (type pdf)

<use ../results/voronoi/3-6.pdf>
Package pdftex.def Info: ../results/voronoi/3-6.pdf used on input line 462.
(pdftex.def)             Requested size: 187.89912pt x 200.43141pt.
 [9 <./figs/time2-eps-converted-to.pdf> <./figs/time-eps-converted-to.pdf> <../
results/hedcuter/3-5.pdf> <../results/hedcuter/3-6.pdf

pdfTeX warning: /Library/TeX/texbin/pdflatex (file ../results/hedcuter/3-6.pdf)
: PDF inclusion: multiple pdfs with page group included in a single page
>] <../results/hedcuter/3-3.pdf, id=87, 565.11125pt x 602.25pt>
File: ../results/hedcuter/3-3.pdf Graphic file (type pdf)

<use ../results/hedcuter/3-3.pdf>
Package pdftex.def Info: ../results/hedcuter/3-3.pdf used on input line 475.
(pdftex.def)             Requested size: 187.89912pt x 200.24101pt.

<../results/hedcuter/3-4.pdf, id=88, 565.11125pt x 602.25pt>
File: ../results/hedcuter/3-4.pdf Graphic file (type pdf)

<use ../results/hedcuter/3-4.pdf>
Package pdftex.def Info: ../results/hedcuter/3-4.pdf used on input line 480.
(pdftex.def)             Requested size: 187.89912pt x 200.24101pt.

<../results/voronoi/3-3.pdf, id=89, 565.11125pt x 602.25pt>
File: ../results/voronoi/3-3.pdf Graphic file (type pdf)

<use ../results/voronoi/3-3.pdf>
Package pdftex.def Info: ../results/voronoi/3-3.pdf used on input line 491.
(pdftex.def)             Requested size: 187.89912pt x 200.24101pt.

<../results/voronoi/3-4.pdf, id=90, 565.11125pt x 602.25pt>
File: ../results/voronoi/3-4.pdf Graphic file (type pdf)

<use ../results/voronoi/3-4.pdf>
Package pdftex.def Info: ../results/voronoi/3-4.pdf used on input line 496.
(pdftex.def)             Requested size: 187.89912pt x 200.24101pt.
 [10 <../results/voronoi/3-5.pdf> <../results/voronoi/3-6.pdf

pdfTeX warning: /Library/TeX/texbin/pdflatex (file ../results/voronoi/3-6.pdf):
 PDF inclusion: multiple pdfs with page group included in a single page
> <../results/hedcuter/3-3.pdf

pdfTeX warning: /Library/TeX/texbin/pdflatex (file ../results/hedcuter/3-3.pdf)
: PDF inclusion: multiple pdfs with page group included in a single page
> <../results/hedcuter/3-4.pdf

pdfTeX warning: /Library/TeX/texbin/pdflatex (file ../results/hedcuter/3-4.pdf)
: PDF inclusion: multiple pdfs with page group included in a single page
>] <../results/hedcuter/3-1.pdf, id=99, 565.11125pt x 602.25pt>
File: ../results/hedcuter/3-1.pdf Graphic file (type pdf)

<use ../results/hedcuter/3-1.pdf>
Package pdftex.def Info: ../results/hedcuter/3-1.pdf used on input line 509.
(pdftex.def)             Requested size: 187.89912pt x 200.24101pt.

<../results/hedcuter/3-2.pdf, id=100, 565.11125pt x 602.25pt>
File: ../results/hedcuter/3-2.pdf Graphic file (type pdf)

<use ../results/hedcuter/3-2.pdf>
Package pdftex.def Info: ../results/hedcuter/3-2.pdf used on input line 514.
(pdftex.def)             Requested size: 187.89912pt x 200.24101pt.

<../results/voronoi/3-1.pdf, id=101, 565.11125pt x 602.25pt>
File: ../results/voronoi/3-1.pdf Graphic file (type pdf)

<use ../results/voronoi/3-1.pdf>
Package pdftex.def Info: ../results/voronoi/3-1.pdf used on input line 525.
(pdftex.def)             Requested size: 187.89912pt x 200.24101pt.

<../results/voronoi/3-2.pdf, id=102, 565.11125pt x 602.25pt>
File: ../results/voronoi/3-2.pdf Graphic file (type pdf)

<use ../results/voronoi/3-2.pdf>
Package pdftex.def Info: ../results/voronoi/3-2.pdf used on input line 530.
(pdftex.def)             Requested size: 187.89912pt x 200.24101pt.
 [11 <../results/voronoi/3-3.pdf> <../results/voronoi/3-4.pdf

pdfTeX warning: /Library/TeX/texbin/pdflatex (file ../results/voronoi/3-4.pdf):
 PDF inclusion: multiple pdfs with page group included in a single page
> <../results/hedcuter/3-1.pdf

pdfTeX warning: /Library/TeX/texbin/pdflatex (file ../results/hedcuter/3-1.pdf)
: PDF inclusion: multiple pdfs with page group included in a single page
> <../results/hedcuter/3-2.pdf

pdfTeX warning: /Library/TeX/texbin/pdflatex (file ../results/hedcuter/3-2.pdf)
: PDF inclusion: multiple pdfs with page group included in a single page
>] <../results/hedcuter/4-1.pdf, id=111, 673.51625pt x 434.62375pt>
File: ../results/hedcuter/4-1.pdf Graphic file (type pdf)

<use ../results/hedcuter/4-1.pdf>
Package pdftex.def Info: ../results/hedcuter/4-1.pdf used on input line 545.
(pdftex.def)             Requested size: 140.92792pt x 90.94208pt.

<../results/hedcuter/4-2.pdf, id=112, 642.4pt x 481.8pt>
File: ../results/hedcuter/4-2.pdf Graphic file (type pdf)

<use ../results/hedcuter/4-2.pdf>
Package pdftex.def Info: ../results/hedcuter/4-2.pdf used on input line 550.
(pdftex.def)             Requested size: 140.92792pt x 105.6949pt.

<../results/hedcuter/4-3.pdf, id=113, 446.66875pt x 312.16624pt>
File: ../results/hedcuter/4-3.pdf Graphic file (type pdf)

<use ../results/hedcuter/4-3.pdf>
Package pdftex.def Info: ../results/hedcuter/4-3.pdf used on input line 555.
(pdftex.def)             Requested size: 140.92792pt x 98.49007pt.

<../results/voronoi/4-1.pdf, id=114, 673.51625pt x 434.62375pt>
File: ../results/voronoi/4-1.pdf Graphic file (type pdf)

<use ../results/voronoi/4-1.pdf>
Package pdftex.def Info: ../results/voronoi/4-1.pdf used on input line 566.
(pdftex.def)             Requested size: 140.92792pt x 90.94208pt.

<../results/voronoi/4-2.pdf, id=115, 642.4pt x 481.8pt>
File: ../results/voronoi/4-2.pdf Graphic file (type pdf)

<use ../results/voronoi/4-2.pdf>
Package pdftex.def Info: ../results/voronoi/4-2.pdf used on input line 571.
(pdftex.def)             Requested size: 140.92792pt x 105.6949pt.

<../results/voronoi/4-3.pdf, id=116, 446.66875pt x 312.16624pt>
File: ../results/voronoi/4-3.pdf Graphic file (type pdf)

<use ../results/voronoi/4-3.pdf>
Package pdftex.def Info: ../results/voronoi/4-3.pdf used on input line 576.
(pdftex.def)             Requested size: 140.92792pt x 98.49007pt.
 [12 <../results/voronoi/3-1.pdf> <../results/voronoi/3-2.pdf

pdfTeX warning: /Library/TeX/texbin/pdflatex (file ../results/voronoi/3-2.pdf):
 PDF inclusion: multiple pdfs with page group included in a single page
> <../results/hedcuter/4-1.pdf

pdfTeX warning: /Library/TeX/texbin/pdflatex (file ../results/hedcuter/4-1.pdf)
: PDF inclusion: multiple pdfs with page group included in a single page
> <../results/hedcuter/4-2.pdf

pdfTeX warning: /Library/TeX/texbin/pdflatex (file ../results/hedcuter/4-2.pdf)
: PDF inclusion: multiple pdfs with page group included in a single page
> <../results/hedcuter/4-3.pdf

pdfTeX warning: /Library/TeX/texbin/pdflatex (file ../results/hedcuter/4-3.pdf)
: PDF inclusion: multiple pdfs with page group included in a single page
>] <../images/obama.png, id=126, 108.405pt x 159.9576pt>
File: ../images/obama.png Graphic file (type png)

<use ../images/obama.png>
Package pdftex.def Info: ../images/obama.png used on input line 591.
(pdftex.def)             Requested size: 187.89912pt x 277.29152pt.
 <figs/wsj-obama.jpg, id=128, 351.3125pt x 501.875pt>
File: figs/wsj-obama.jpg Graphic file (type jpg)

<use figs/wsj-obama.jpg>
Package pdftex.def Info: figs/wsj-obama.jpg used on input line 596.
(pdftex.def)             Requested size: 187.89912pt x 268.43538pt.

<../results/hedcuter/5-1.pdf, id=129, 451.6875pt x 666.49pt>
File: ../results/hedcuter/5-1.pdf Graphic file (type pdf)

<use ../results/hedcuter/5-1.pdf>
Package pdftex.def Info: ../results/hedcuter/5-1.pdf used on input line 601.
(pdftex.def)             Requested size: 187.89912pt x 277.2594pt.

<../results/voronoi/5-1.pdf, id=130, 451.6875pt x 666.49pt>
File: ../results/voronoi/5-1.pdf Graphic file (type pdf)

<use ../results/voronoi/5-1.pdf>
Package pdftex.def Info: ../results/voronoi/5-1.pdf used on input line 606.
(pdftex.def)             Requested size: 187.89912pt x 277.2594pt.
 [13 <../results/voronoi/4-1.pdf> <../results/voronoi/4-2.pdf

pdfTeX warning: /Library/TeX/texbin/pdflatex (file ../results/voronoi/4-2.pdf):
 PDF inclusion: multiple pdfs with page group included in a single page
> <../results/voronoi/4-3.pdf

pdfTeX warning: /Library/TeX/texbin/pdflatex (file ../results/voronoi/4-3.pdf):
 PDF inclusion: multiple pdfs with page group included in a single page
>] [14 <../images/obama.png> <./figs/wsj-obama.jpg> <../results/hedcuter/5-1.pd
f> <../results/voronoi/5-1.pdf

pdfTeX warning: /Library/TeX/texbin/pdflatex (file ../results/voronoi/5-1.pdf):
 PDF inclusion: multiple pdfs with page group included in a single page
>] <../images/lenna.png, id=145, 401.5pt x 401.5pt>
File: ../images/lenna.png Graphic file (type png)
 <use ../images/lenna.png>
Package pdftex.def Info: ../images/lenna.png used on input line 637.
(pdftex.def)             Requested size: 187.89912pt x 187.90247pt.

<../results/hedcuter/A-1.pdf, id=146, 401.5pt x 401.5pt>
File: ../results/hedcuter/A-1.pdf Graphic file (type pdf)

<use ../results/hedcuter/A-1.pdf>
Package pdftex.def Info: ../results/hedcuter/A-1.pdf used on input line 642.
(pdftex.def)             Requested size: 187.89912pt x 187.90247pt.

<../results/hedcuter/A-2.pdf, id=147, 401.5pt x 401.5pt>
File: ../results/hedcuter/A-2.pdf Graphic file (type pdf)

<use ../results/hedcuter/A-2.pdf>
Package pdftex.def Info: ../results/hedcuter/A-2.pdf used on input line 647.
(pdftex.def)             Requested size: 187.89912pt x 187.90247pt.

<../results/hedcuter/A-3.png, id=148, 401.5pt x 401.5pt>
File: ../results/hedcuter/A-3.png Graphic file (type png)

<use ../results/hedcuter/A-3.png>
Package pdftex.def Info: ../results/hedcuter/A-3.png used on input line 652.
(pdftex.def)             Requested size: 187.89912pt x 187.90247pt.
 [15]
<../results/hedcuter/B-1.pdf, id=152, 301.125pt x 444.66125pt>
File: ../results/hedcuter/B-1.pdf Graphic file (type pdf)

<use ../results/hedcuter/B-1.pdf>
Package pdftex.def Info: ../results/hedcuter/B-1.pdf used on input line 671.
(pdftex.def)             Requested size: 187.89912pt x 277.47157pt.

<../results/hedcuter/B-2.pdf, id=153, 301.125pt x 444.66125pt>
File: ../results/hedcuter/B-2.pdf Graphic file (type pdf)

<use ../results/hedcuter/B-2.pdf>
Package pdftex.def Info: ../results/hedcuter/B-2.pdf used on input line 676.
(pdftex.def)             Requested size: 187.89912pt x 277.47157pt.
 [16 <../images/lenna.png> <../results/hedcuter/A-1.pdf> <../results/hedcuter/A
-2.pdf

pdfTeX warning: /Library/TeX/texbin/pdflatex (file ../results/hedcuter/A-2.pdf)
: PDF inclusion: multiple pdfs with page group included in a single page
> <../results/hedcuter/A-3.png>]
<../images/phoenix_small.png, id=161, 250.9375pt x 250.9375pt>
File: ../images/phoenix_small.png Graphic file (type png)

<use ../images/phoenix_small.png>
Package pdftex.def Info: ../images/phoenix_small.png used on input line 702.
(pdftex.def)             Requested size: 140.92792pt x 140.93373pt.

<../images/phoenix_stipple_small.png, id=162, 250.9375pt x 250.9375pt>
File: ../images/phoenix_stipple_small.png Graphic file (type png)

<use ../images/phoenix_stipple_small.png>
Package pdftex.def Info: ../images/phoenix_stipple_small.png used on input line
 707.
(pdftex.def)             Requested size: 140.92792pt x 140.93373pt.

<../results/hedcuter/C-1.pdf, id=163, 250.9375pt x 250.9375pt>
File: ../results/hedcuter/C-1.pdf Graphic file (type pdf)

<use ../results/hedcuter/C-1.pdf>
Package pdftex.def Info: ../results/hedcuter/C-1.pdf used on input line 712.
(pdftex.def)             Requested size: 140.92792pt x 140.93373pt.
 [17 <../results/hedcuter/B-1.pdf> <../results/hedcuter/B-2.pdf

pdfTeX warning: /Library/TeX/texbin/pdflatex (file ../results/hedcuter/B-2.pdf)
: PDF inclusion: multiple pdfs with page group included in a single page
>] [18 <../images/phoenix_small.png> <../images/phoenix_stipple_small.png> <../
results/hedcuter/C-1.pdf>] (./report.aux)

LaTeX Warning: There were multiply-defined labels.

 )
(\end occurred inside a group at level 1)

### simple group (level 1) entered at line 1061 ({)
### bottom level 
Here is how much of TeX's memory you used:
 7026 strings out of 492995
 104705 string characters out of 6132704
 191547 words of memory out of 5000000
 10437 multiletter control sequences out of 15000+600000
 13339 words of font info for 53 fonts, out of 8000000 for 9000
 1141 hyphenation exceptions out of 8191
 42i,18n,39p,412b,6067s stack positions out of 5000i,500n,10000p,200000b,80000s
</usr/local/texlive/2017/texmf-dist/fonts/type1/public/amsfonts
/cm/cmbx10.pfb></usr/local/texlive/2017/texmf-dist/fonts/type1/public/amsfonts/
cm/cmbx12.pfb></usr/local/texlive/2017/texmf-dist/fonts/type1/public/amsfonts/c
m/cmbx8.pfb></usr/local/texlive/2017/texmf-dist/fonts/type1/public/amsfonts/cm/
cmex10.pfb></usr/local/texlive/2017/texmf-dist/fonts/type1/public/amsfonts/cmex
tra/cmex8.pfb></usr/local/texlive/2017/texmf-dist/fonts/type1/public/amsfonts/c
m/cmmi10.pfb></usr/local/texlive/2017/texmf-dist/fonts/type1/public/amsfonts/cm
/cmmi6.pfb></usr/local/texlive/2017/texmf-dist/fonts/type1/public/amsfonts/cm/c
mmi8.pfb></usr/local/texlive/2017/texmf-dist/fonts/type1/public/amsfonts/cm/cmr
10.pfb></usr/local/texlive/2017/texmf-dist/fonts/type1/public/amsfonts/cm/cmr12
.pfb></usr/local/texlive/2017/texmf-dist/fonts/type1/public/amsfonts/cm/cmr17.p
fb></usr/local/texlive/2017/texmf-dist/fonts/type1/public/amsfonts/cm/cmr6.pfb>
</usr/local/texlive/2017/texmf-dist/fonts/type1/public/amsfonts/cm/cmr8.pfb></u
sr/local/texlive/2017/texmf-dist/fonts/type1/public/amsfonts/cm/cmsy10.pfb></us
r/local/texlive/2017/texmf-dist/fonts/type1/public/amsfonts/cm/cmsy6.pfb></usr/
local/texlive/2017/texmf-dist/fonts/type1/public/amsfonts/cm/cmsy8.pfb></usr/lo
cal/texlive/2017/texmf-dist/fonts/type1/public/amsfonts/cm/cmti10.pfb></usr/loc
al/texlive/2017/texmf-dist/fonts/type1/public/amsfonts/cm/cmtt10.pfb></usr/loca
l/texlive/2017/texmf-dist/fonts/type1/public/amsfonts/cm/cmtt12.pfb>
Output written on report.pdf (18 pages, 3385685 bytes).
PDF statistics:
 237 PDF objects out of 1000 (max. 8388607)
 151 compressed objects within 2 object streams
 0 named destinations out of 1000 (max. 500000)
 206 words of extra memory for PDF output out of 10000 (max. 10000000)

